<?xml version="1.0" encoding="UTF-8"?>
<!-- Generated by org.testng.reporters.JUnitXMLReporter -->
<testsuite hostname="DEVL02NT04BG3QN" name="Command line test" tests="5" failures="0" timestamp="4 Sep 2020 04:01:56 GMT" time="4.784" errors="0">
  <testcase name="testGetTitleOfPage" time="2.71" classname="com.seluitest.testCases.TestBase"/>
  <testcase name="testConnectMongoDB" time="0.001" classname="com.seluitest.testCases.TestDB"/>
  <testcase name="testConnectMsSQL" time="0.0" classname="com.seluitest.testCases.TestDB"/>
  <testcase name="testConnectMySQL" time="0.0" classname="com.seluitest.testCases.TestDB"/>
  <testcase name="testConnectOracle" time="0.001" classname="com.seluitest.testCases.TestDB"/>
</testsuite> <!-- Command line test -->
