<?xml version="1.0" encoding="UTF-8"?>
<testng-results total="2" passed="2" failed="0" skipped="0">
  <reporter-output>
  </reporter-output>
  <suite started-at="2020-10-11T19:14:16Z" name="Parallel tests" finished-at="2020-10-11T19:14:16Z" duration-ms="40">
    <groups>
    </groups>
    <test started-at="2020-10-11T19:14:16Z" name="Test Three" finished-at="2020-10-11T19:14:16Z" duration-ms="40">
      <class name="com.seluitest.testCases.TestDataProvider">
        <test-method signature="testSecondmethod(com.google.gson.JsonObject)[pri:0, instance:com.seluitest.testCases.TestDataProvider@5a4041cc]" started-at="2020-10-11T14:14:16Z" name="testSecondmethod" data-provider="Testmethod" finished-at="2020-10-11T14:14:16Z" duration-ms="8" status="PASS">
          <params>
            <param index="0">
              <value>
                <![CDATA[{"testCase":"testcase for first username","username":"firstusername","password":"firstpassword","rememberMe":false}]]>
              </value>
            </param>
          </params>
          <reporter-output>
          </reporter-output>
        </test-method> <!-- testSecondmethod -->
        <test-method signature="testSecondmethod(com.google.gson.JsonObject)[pri:0, instance:com.seluitest.testCases.TestDataProvider@5a4041cc]" started-at="2020-10-11T14:14:16Z" name="testSecondmethod" data-provider="Testmethod" finished-at="2020-10-11T14:14:16Z" duration-ms="1" status="PASS">
          <params>
            <param index="0">
              <value>
                <![CDATA[{"testCase":"testcase for second username","username":"Secondusername","password":"secondpassword","rememberMe":false}]]>
              </value>
            </param>
          </params>
          <reporter-output>
          </reporter-output>
        </test-method> <!-- testSecondmethod -->
      </class> <!-- com.seluitest.testCases.TestDataProvider -->
    </test> <!-- Test Three -->
  </suite> <!-- Parallel tests -->
</testng-results>
